[2025-02-04 20:18:33] [datadog-api] [api-test] [INFO ] - Starting DatadogxApplication using Java 21.0.5 with PID 4537 (/Users/fernandoareias/Documents/dev/Datadog/datadogx/target/classes started by fernandoareias in /Users/fernandoareias/Documents/dev/Datadog)
[2025-02-04 20:18:33] [datadog-api] [api-test] [INFO ] - No active profile set, falling back to 1 default profile: "default"
[2025-02-04 20:18:34] [datadog-api] [api-test] [INFO ] - Bootstrapping Spring Data JPA repositories in DEFAULT mode.
[2025-02-04 20:18:34] [datadog-api] [api-test] [INFO ] - Finished Spring Data repository scanning in 7 ms. Found 0 JPA repository interfaces.
[2025-02-04 20:18:34] [datadog-api] [api-test] [INFO ] - Tomcat initialized with port 8080 (http)
[2025-02-04 20:18:34] [datadog-api] [api-test] [INFO ] - Initializing ProtocolHandler ["http-nio-8080"]
[2025-02-04 20:18:34] [datadog-api] [api-test] [INFO ] - Starting service [Tomcat]
[2025-02-04 20:18:34] [datadog-api] [api-test] [INFO ] - Starting Servlet engine: [Apache Tomcat/10.1.34]
[2025-02-04 20:18:34] [datadog-api] [api-test] [INFO ] - Initializing Spring embedded WebApplicationContext
[2025-02-04 20:18:34] [datadog-api] [api-test] [INFO ] - Root WebApplicationContext: initialization completed in 915 ms
[2025-02-04 20:18:35] [datadog-api] [api-test] [INFO ] - HikariPool-1 - Starting...
[2025-02-04 20:18:35] [datadog-api] [api-test] [INFO ] - HikariPool-1 - Added connection conn0: url=jdbc:h2:mem:9694595e-e94a-47fd-ab20-6cc374f6dd2e user=SA
[2025-02-04 20:18:35] [datadog-api] [api-test] [INFO ] - HikariPool-1 - Start completed.
[2025-02-04 20:18:35] [datadog-api] [api-test] [INFO ] - HHH000204: Processing PersistenceUnitInfo [name: default]
[2025-02-04 20:18:35] [datadog-api] [api-test] [INFO ] - HHH000412: Hibernate ORM core version 6.6.5.Final
[2025-02-04 20:18:35] [datadog-api] [api-test] [INFO ] - HHH000026: Second-level cache disabled
[2025-02-04 20:18:35] [datadog-api] [api-test] [INFO ] - No LoadTimeWeaver setup: ignoring JPA class transformer
[2025-02-04 20:18:35] [datadog-api] [api-test] [INFO ] - HHH10001005: Database info:
	Database JDBC URL [Connecting through datasource 'HikariDataSource (HikariPool-1)']
	Database driver: undefined/unknown
	Database version: 2.3.232
	Autocommit mode: undefined/unknown
	Isolation level: undefined/unknown
	Minimum pool size: undefined/unknown
	Maximum pool size: undefined/unknown
[2025-02-04 20:18:35] [datadog-api] [api-test] [INFO ] - HHH000489: No JTA platform available (set 'hibernate.transaction.jta.platform' to enable JTA platform integration)
[2025-02-04 20:18:35] [datadog-api] [api-test] [INFO ] - Initialized JPA EntityManagerFactory for persistence unit 'default'
[2025-02-04 20:18:35] [datadog-api] [api-test] [WARN ] - spring.jpa.open-in-view is enabled by default. Therefore, database queries may be performed during view rendering. Explicitly configure spring.jpa.open-in-view to disable this warning
[2025-02-04 20:18:35] [datadog-api] [api-test] [INFO ] - Exposing 1 endpoint beneath base path '/actuator'
[2025-02-04 20:18:36] [datadog-api] [api-test] [INFO ] - Starting ProtocolHandler ["http-nio-8080"]
[2025-02-04 20:18:36] [datadog-api] [api-test] [INFO ] - Tomcat started on port 8080 (http) with context path '/'
[2025-02-04 20:18:36] [datadog-api] [api-test] [INFO ] - Started DatadogxApplication in 2.287 seconds (process running for 2.667)
[2025-02-04 20:21:52] [datadog-api] [api-test] [INFO ] - Commencing graceful shutdown. Waiting for active requests to complete
[2025-02-04 20:21:52] [datadog-api] [api-test] [INFO ] - Graceful shutdown complete
[2025-02-04 20:21:52] [datadog-api] [api-test] [INFO ] - Closing JPA EntityManagerFactory for persistence unit 'default'
[2025-02-04 20:21:52] [datadog-api] [api-test] [INFO ] - HikariPool-1 - Shutdown initiated...
[2025-02-04 20:21:52] [datadog-api] [api-test] [INFO ] - HikariPool-1 - Shutdown completed.
[2025-02-04 20:21:53] [datadog-api] [api-test] [INFO ] - Starting DatadogxApplication using Java 21.0.5 with PID 4588 (/Users/fernandoareias/Documents/dev/Datadog/datadogx/target/classes started by fernandoareias in /Users/fernandoareias/Documents/dev/Datadog)
[2025-02-04 20:21:53] [datadog-api] [api-test] [INFO ] - No active profile set, falling back to 1 default profile: "default"
[2025-02-04 20:21:54] [datadog-api] [api-test] [INFO ] - Bootstrapping Spring Data JPA repositories in DEFAULT mode.
[2025-02-04 20:21:54] [datadog-api] [api-test] [INFO ] - Finished Spring Data repository scanning in 7 ms. Found 0 JPA repository interfaces.
[2025-02-04 20:21:54] [datadog-api] [api-test] [INFO ] - Tomcat initialized with port 8080 (http)
[2025-02-04 20:21:54] [datadog-api] [api-test] [INFO ] - Initializing ProtocolHandler ["http-nio-8080"]
[2025-02-04 20:21:54] [datadog-api] [api-test] [INFO ] - Starting service [Tomcat]
[2025-02-04 20:21:54] [datadog-api] [api-test] [INFO ] - Starting Servlet engine: [Apache Tomcat/10.1.34]
[2025-02-04 20:21:54] [datadog-api] [api-test] [INFO ] - Initializing Spring embedded WebApplicationContext
[2025-02-04 20:21:54] [datadog-api] [api-test] [INFO ] - Root WebApplicationContext: initialization completed in 915 ms
[2025-02-04 20:21:54] [datadog-api] [api-test] [INFO ] - HikariPool-1 - Starting...
[2025-02-04 20:21:54] [datadog-api] [api-test] [INFO ] - HikariPool-1 - Added connection conn0: url=jdbc:h2:mem:8781a3e4-6073-4d77-bf1b-c26fee1985fe user=SA
[2025-02-04 20:21:54] [datadog-api] [api-test] [INFO ] - HikariPool-1 - Start completed.
[2025-02-04 20:21:54] [datadog-api] [api-test] [INFO ] - HHH000204: Processing PersistenceUnitInfo [name: default]
[2025-02-04 20:21:54] [datadog-api] [api-test] [INFO ] - HHH000412: Hibernate ORM core version 6.6.5.Final
[2025-02-04 20:21:54] [datadog-api] [api-test] [INFO ] - HHH000026: Second-level cache disabled
[2025-02-04 20:21:54] [datadog-api] [api-test] [INFO ] - No LoadTimeWeaver setup: ignoring JPA class transformer
[2025-02-04 20:21:55] [datadog-api] [api-test] [INFO ] - HHH10001005: Database info:
	Database JDBC URL [Connecting through datasource 'HikariDataSource (HikariPool-1)']
	Database driver: undefined/unknown
	Database version: 2.3.232
	Autocommit mode: undefined/unknown
	Isolation level: undefined/unknown
	Minimum pool size: undefined/unknown
	Maximum pool size: undefined/unknown
[2025-02-04 20:21:55] [datadog-api] [api-test] [INFO ] - HHH000489: No JTA platform available (set 'hibernate.transaction.jta.platform' to enable JTA platform integration)
[2025-02-04 20:21:55] [datadog-api] [api-test] [INFO ] - Initialized JPA EntityManagerFactory for persistence unit 'default'
[2025-02-04 20:21:55] [datadog-api] [api-test] [WARN ] - spring.jpa.open-in-view is enabled by default. Therefore, database queries may be performed during view rendering. Explicitly configure spring.jpa.open-in-view to disable this warning
[2025-02-04 20:21:55] [datadog-api] [api-test] [INFO ] - Exposing 1 endpoint beneath base path '/actuator'
[2025-02-04 20:21:55] [datadog-api] [api-test] [INFO ] - Starting ProtocolHandler ["http-nio-8080"]
[2025-02-04 20:21:55] [datadog-api] [api-test] [INFO ] - Tomcat started on port 8080 (http) with context path '/'
[2025-02-04 20:21:55] [datadog-api] [api-test] [INFO ] - Started DatadogxApplication in 2.287 seconds (process running for 2.632)
[2025-02-04 20:23:18] [datadog-api] [api-test] [INFO ] - Commencing graceful shutdown. Waiting for active requests to complete
[2025-02-04 20:23:18] [datadog-api] [api-test] [INFO ] - Graceful shutdown complete
[2025-02-04 20:23:18] [datadog-api] [api-test] [INFO ] - Closing JPA EntityManagerFactory for persistence unit 'default'
[2025-02-04 20:23:18] [datadog-api] [api-test] [INFO ] - HikariPool-1 - Shutdown initiated...
[2025-02-04 20:23:18] [datadog-api] [api-test] [INFO ] - HikariPool-1 - Shutdown completed.
